2016-09-12 00:52:08.549  INFO 4156 --- [restartedMain] idstay.IdstayApplication                 : Starting IdstayApplication on DESKTOP-H7F2DCF with PID 4156 (C:\development\IdeaProjects\idstay-master\idstay-site\build\classes\main started by minsoo in C:\development\IdeaProjects\idstay-master)
2016-09-12 00:52:08.565  INFO 4156 --- [restartedMain] idstay.IdstayApplication                 : No active profile set, falling back to default profiles: default
2016-09-12 00:52:09.159  INFO 4156 --- [restartedMain] ationConfigEmbeddedWebApplicationContext : Refreshing org.springframework.boot.context.embedded.AnnotationConfigEmbeddedWebApplicationContext@1d6f0ff: startup date [Mon Sep 12 00:52:09 KST 2016]; root of context hierarchy
2016-09-12 00:52:12.018  INFO 4156 --- [restartedMain] trationDelegate$BeanPostProcessorChecker : Bean 'org.springframework.transaction.annotation.ProxyTransactionManagementConfiguration' of type [class org.springframework.transaction.annotation.ProxyTransactionManagementConfiguration$$EnhancerBySpringCGLIB$$51c07334] is not eligible for getting processed by all BeanPostProcessors (for example: not eligible for auto-proxying)
2016-09-12 00:52:12.757  INFO 4156 --- [restartedMain] s.b.c.e.t.TomcatEmbeddedServletContainer : Tomcat initialized with port(s): 8080 (http)
2016-09-12 00:52:12.773  INFO 4156 --- [restartedMain] o.apache.catalina.core.StandardService   : Starting service Tomcat
2016-09-12 00:52:12.773  INFO 4156 --- [restartedMain] org.apache.catalina.core.StandardEngine  : Starting Servlet Engine: Apache Tomcat/8.5.4
2016-09-12 00:52:12.929  INFO 4156 --- [localhost-startStop-1] o.a.c.c.C.[Tomcat].[localhost].[/]       : Initializing Spring embedded WebApplicationContext
2016-09-12 00:52:12.929  INFO 4156 --- [localhost-startStop-1] o.s.web.context.ContextLoader            : Root WebApplicationContext: initialization completed in 3770 ms
2016-09-12 00:52:13.148  INFO 4156 --- [localhost-startStop-1] o.s.b.w.servlet.ServletRegistrationBean  : Mapping servlet: 'dispatcherServlet' to [/]
2016-09-12 00:52:13.163  INFO 4156 --- [localhost-startStop-1] o.s.b.w.servlet.ServletRegistrationBean  : Mapping servlet: 'webServlet' to [/h2-console/*]
2016-09-12 00:52:13.163  INFO 4156 --- [localhost-startStop-1] o.s.b.w.servlet.FilterRegistrationBean   : Mapping filter: 'characterEncodingFilter' to: [/*]
2016-09-12 00:52:13.163  INFO 4156 --- [localhost-startStop-1] o.s.b.w.servlet.FilterRegistrationBean   : Mapping filter: 'hiddenHttpMethodFilter' to: [/*]
2016-09-12 00:52:13.163  INFO 4156 --- [localhost-startStop-1] o.s.b.w.servlet.FilterRegistrationBean   : Mapping filter: 'httpPutFormContentFilter' to: [/*]
2016-09-12 00:52:13.163  INFO 4156 --- [localhost-startStop-1] o.s.b.w.servlet.FilterRegistrationBean   : Mapping filter: 'requestContextFilter' to: [/*]
2016-09-12 00:52:13.554  INFO 4156 --- [restartedMain] j.LocalContainerEntityManagerFactoryBean : Building JPA container EntityManagerFactory for persistence unit 'default'
2016-09-12 00:52:13.585  INFO 4156 --- [restartedMain] o.hibernate.jpa.internal.util.LogHelper  : HHH000204: Processing PersistenceUnitInfo [
	name: default
	...]
2016-09-12 00:52:13.695  INFO 4156 --- [restartedMain] org.hibernate.Version                    : HHH000412: Hibernate Core {5.0.9.Final}
2016-09-12 00:52:13.710  INFO 4156 --- [restartedMain] org.hibernate.cfg.Environment            : HHH000206: hibernate.properties not found
2016-09-12 00:52:13.710  INFO 4156 --- [restartedMain] org.hibernate.cfg.Environment            : HHH000021: Bytecode provider name : javassist
2016-09-12 00:52:13.788  INFO 4156 --- [restartedMain] o.hibernate.annotations.common.Version   : HCANN000001: Hibernate Commons Annotations {5.0.1.Final}
2016-09-12 00:52:14.491  INFO 4156 --- [restartedMain] org.hibernate.dialect.Dialect            : HHH000400: Using dialect: org.hibernate.dialect.MySQLDialect
2016-09-12 00:52:15.205  INFO 4156 --- [restartedMain] o.h.tool.hbm2ddl.SchemaValidator         : HHH000229: Running schema validator
2016-09-12 00:52:15.439  INFO 4156 --- [restartedMain] j.LocalContainerEntityManagerFactoryBean : Initialized JPA EntityManagerFactory for persistence unit 'default'
2016-09-12 00:52:15.830  INFO 4156 --- [restartedMain] o.h.h.i.QueryTranslatorFactoryInitiator  : HHH000397: Using ASTQueryTranslatorFactory
2016-09-12 00:52:16.673  INFO 4156 --- [restartedMain] s.w.s.m.m.a.RequestMappingHandlerAdapter : Looking for @ControllerAdvice: org.springframework.boot.context.embedded.AnnotationConfigEmbeddedWebApplicationContext@1d6f0ff: startup date [Mon Sep 12 00:52:09 KST 2016]; root of context hierarchy
2016-09-12 00:52:16.798  INFO 4156 --- [restartedMain] s.w.s.m.m.a.RequestMappingHandlerMapping : Mapped "{[/housekeeping],methods=[GET]}" onto public java.lang.String idstay.fd.housekeeping.HousekeepingController.getHousekeeping()
2016-09-12 00:52:16.798  INFO 4156 --- [restartedMain] s.w.s.m.m.a.RequestMappingHandlerMapping : Mapped "{[/hotel/{hotelId}/housekeepings/{crew}],methods=[GET]}" onto public java.lang.String idstay.fd.housekeeping.HousekeepingController.getHousekeepings(java.lang.Long,java.lang.String,org.springframework.ui.Model)
2016-09-12 00:52:16.814  INFO 4156 --- [restartedMain] s.w.s.m.m.a.RequestMappingHandlerMapping : Mapped "{[/hotel/{hotelId}/housekeeping/{housekeepingId}/{crew}],methods=[POST]}" onto public java.lang.String idstay.fd.housekeeping.HousekeepingController.saveHousekeeping(java.lang.Long,java.lang.Long,idstay.fd.housekeeping.dto.HousekeepingDto,java.lang.String,org.springframework.validation.BindingResult,org.springframework.ui.Model)
2016-09-12 00:52:16.814  INFO 4156 --- [restartedMain] s.w.s.m.m.a.RequestMappingHandlerMapping : Mapped "{[/hotel/{hotelId}/housekeeping/{housekeepingId}/{crew}],methods=[GET]}" onto public java.lang.String idstay.fd.housekeeping.HousekeepingController.editHousekeeping(java.lang.Long,java.lang.Long,java.lang.String,org.springframework.ui.Model)
2016-09-12 00:52:16.814  INFO 4156 --- [restartedMain] s.w.s.m.m.a.RequestMappingHandlerMapping : Mapped "{[/hotel/{hotelId}/housekeepings/reset/@will],methods=[GET]}" onto public java.lang.String idstay.fp.housekeeping.HousekeepingManagement.resetHousekeeping()
2016-09-12 00:52:16.814  INFO 4156 --- [restartedMain] s.w.s.m.m.a.RequestMappingHandlerMapping : Mapped "{[/error]}" onto public org.springframework.http.ResponseEntity<java.util.Map<java.lang.String, java.lang.Object>> org.springframework.boot.autoconfigure.web.BasicErrorController.error(javax.servlet.http.HttpServletRequest)
2016-09-12 00:52:16.830  INFO 4156 --- [restartedMain] s.w.s.m.m.a.RequestMappingHandlerMapping : Mapped "{[/error],produces=[text/html]}" onto public org.springframework.web.servlet.ModelAndView org.springframework.boot.autoconfigure.web.BasicErrorController.errorHtml(javax.servlet.http.HttpServletRequest,javax.servlet.http.HttpServletResponse)
2016-09-12 00:52:16.877  INFO 4156 --- [restartedMain] o.s.w.s.handler.SimpleUrlHandlerMapping  : Mapped URL path [/webjars/**] onto handler of type [class org.springframework.web.servlet.resource.ResourceHttpRequestHandler]
2016-09-12 00:52:16.877  INFO 4156 --- [restartedMain] o.s.w.s.handler.SimpleUrlHandlerMapping  : Mapped URL path [/**] onto handler of type [class org.springframework.web.servlet.resource.ResourceHttpRequestHandler]
2016-09-12 00:52:16.970  INFO 4156 --- [restartedMain] o.s.w.s.handler.SimpleUrlHandlerMapping  : Mapped URL path [/**/favicon.ico] onto handler of type [class org.springframework.web.servlet.resource.ResourceHttpRequestHandler]
2016-09-12 00:52:17.814  INFO 4156 --- [restartedMain] o.s.b.d.a.OptionalLiveReloadServer       : LiveReload server is running on port 35729
2016-09-12 00:52:17.877  INFO 4156 --- [restartedMain] o.s.j.e.a.AnnotationMBeanExporter        : Registering beans for JMX exposure on startup
2016-09-12 00:52:17.970  INFO 4156 --- [restartedMain] s.b.c.e.t.TomcatEmbeddedServletContainer : Tomcat started on port(s): 8080 (http)
2016-09-12 00:52:17.986  INFO 4156 --- [restartedMain] idstay.IdstayApplication                 : Started IdstayApplication in 10.421 seconds (JVM running for 11.166)
2016-09-12 00:52:41.556  INFO 4156 --- [http-nio-8080-exec-1] o.a.c.c.C.[Tomcat].[localhost].[/]       : Initializing Spring FrameworkServlet 'dispatcherServlet'
2016-09-12 00:52:41.560  INFO 4156 --- [http-nio-8080-exec-1] o.s.web.servlet.DispatcherServlet        : FrameworkServlet 'dispatcherServlet': initialization started
2016-09-12 00:52:41.580  INFO 4156 --- [http-nio-8080-exec-1] o.s.web.servlet.DispatcherServlet        : FrameworkServlet 'dispatcherServlet': initialization completed in 16 ms
2016-09-12 00:52:41.744  INFO 4156 --- [http-nio-8080-exec-2] i.fd.housekeeping.HousekeepingService    : findByHotelId: 1
2016-09-12 00:52:43.941  INFO 4156 --- [http-nio-8080-exec-4] i.fd.housekeeping.HousekeepingService    : findByHotelId: 1
2016-09-12 00:52:48.655  INFO 4156 --- [http-nio-8080-exec-5] i.fd.housekeeping.HousekeepingService    : findByHotelId: 1
2016-09-12 00:52:48.851  INFO 4156 --- [http-nio-8080-exec-7] i.fd.housekeeping.HousekeepingService    : findByHotelId: 1
2016-09-12 00:52:49.411  INFO 4156 --- [http-nio-8080-exec-8] i.f.housekeeping.HousekeepingController  : editHousekeeping: 202, @giny
2016-09-12 00:52:49.547  INFO 4156 --- [http-nio-8080-exec-10] i.f.housekeeping.HousekeepingController  : editHousekeeping: 202, @giny
2016-09-12 01:04:07.034  INFO 4156 --- [http-nio-8080-exec-3] i.f.housekeeping.HousekeepingController  : editHousekeeping: 202, @giny
2016-09-12 01:04:07.150  INFO 4156 --- [http-nio-8080-exec-5] i.f.housekeeping.HousekeepingController  : editHousekeeping: 202, @giny
2016-09-12 01:04:09.675  INFO 4156 --- [http-nio-8080-exec-6] i.f.housekeeping.HousekeepingController  : editHousekeeping: 202, @giny
2016-09-12 01:04:11.600  INFO 4156 --- [http-nio-8080-exec-8] i.f.housekeeping.HousekeepingController  : editHousekeeping: 202, @giny
2016-09-12 01:04:11.645  INFO 4156 --- [http-nio-8080-exec-7] i.f.housekeeping.HousekeepingController  : saveHousekeeping: HousekeepingDto[housekeepingId=202,RoomDto=<null>,CrewDto=CrewDto[id=0,crewName=@giny,locale=<null>],RoomTypeDto=<null>,ReservationStatus=NA,RoomStatus=Vacant,CleaningStatus=Ready_for_sale,Remarks=[],memo=], @giny
2016-09-12 01:04:11.677  INFO 4156 --- [http-nio-8080-exec-7] i.fd.housekeeping.HousekeepingService    : housekeeping save: Housekeeping[id=202,room=Room[id=21,roomName=202,roomType=RoomType[id=3,roomTypeName=CLASSIC_TWIN]],roomType=RoomType[id=3,roomTypeName=CLASSIC_TWIN],hotelId=1,reservationStatus=NA,roomStatus=Vacant,cleaningStatus=Ready_for_sale,remarks=[],sortId=202,memo=,lastUpdate=2016-09-10 14:26:03.0], Crew[id=30,crewName=@giny,locale=en_US,activate=true]
2016-09-12 01:04:11.685  INFO 4156 --- [http-nio-8080-exec-7] i.f.h.HousekeepingHistoryService         : housekeepingHistory save: idstay.fd.housekeeping.HousekeepingHistory@7b7d937a, {}
2016-09-12 01:04:11.765  INFO 4156 --- [http-nio-8080-exec-9] i.fd.housekeeping.HousekeepingService    : findByHotelId: 1
2016-09-12 01:04:11.909  INFO 4156 --- [http-nio-8080-exec-1] i.fd.housekeeping.HousekeepingService    : findByHotelId: 1
2016-09-12 01:04:24.559  INFO 4156 --- [http-nio-8080-exec-5] i.fd.housekeeping.HousekeepingService    : findByHotelId: 1
2016-09-12 01:04:24.731  INFO 4156 --- [http-nio-8080-exec-7] i.fd.housekeeping.HousekeepingService    : findByHotelId: 1
2016-09-12 01:04:25.870  INFO 4156 --- [http-nio-8080-exec-9] i.f.housekeeping.HousekeepingController  : editHousekeeping: 202, @giny
2016-09-12 01:04:25.950  INFO 4156 --- [http-nio-8080-exec-1] i.f.housekeeping.HousekeepingController  : editHousekeeping: 202, @giny
2016-09-12 01:04:28.742  INFO 4156 --- [http-nio-8080-exec-2] i.fd.housekeeping.HousekeepingService    : findByHotelId: 1
2016-09-12 01:04:33.290  INFO 4156 --- [http-nio-8080-exec-4] i.f.housekeeping.HousekeepingController  : editHousekeeping: 305, @giny
2016-09-12 01:04:33.354  INFO 4156 --- [http-nio-8080-exec-3] i.f.housekeeping.HousekeepingController  : editHousekeeping: 305, @giny
2016-09-12 01:04:41.246  INFO 4156 --- [http-nio-8080-exec-9] i.f.housekeeping.HousekeepingController  : saveHousekeeping: HousekeepingDto[housekeepingId=305,RoomDto=<null>,CrewDto=CrewDto[id=0,crewName=@giny,locale=<null>],RoomTypeDto=<null>,ReservationStatus=Check_out,RoomStatus=Occupied,CleaningStatus=Dirty,Remarks=[Window_open],memo=메모가 지워졌어요.], @giny
2016-09-12 01:04:41.266  INFO 4156 --- [http-nio-8080-exec-9] i.fd.housekeeping.HousekeepingService    : housekeeping save: Housekeeping[id=305,room=Room[id=42,roomName=305,roomType=RoomType[id=5,roomTypeName=DORMITORY_TRIPLE]],roomType=RoomType[id=5,roomTypeName=DORMITORY_TRIPLE],hotelId=1,reservationStatus=Check_out,roomStatus=Occupied,cleaningStatus=Dirty,remarks=[Window_open],sortId=305,memo=메모가 지워졌어요.,lastUpdate=2016-09-11 14:06:14.0], Crew[id=30,crewName=@giny,locale=en_US,activate=true]
2016-09-12 01:04:41.266  INFO 4156 --- [http-nio-8080-exec-9] i.f.h.HousekeepingHistoryService         : housekeepingHistory save: idstay.fd.housekeeping.HousekeepingHistory@5c1c0e0c, {}
2016-09-12 01:04:41.410  INFO 4156 --- [http-nio-8080-exec-10] i.f.housekeeping.HousekeepingController  : saveHousekeeping: HousekeepingDto[housekeepingId=305,RoomDto=<null>,CrewDto=CrewDto[id=0,crewName=@giny,locale=<null>],RoomTypeDto=<null>,ReservationStatus=Check_out,RoomStatus=Occupied,CleaningStatus=Dirty,Remarks=[Window_open],memo=메모가 지워졌어요.], @giny
2016-09-12 01:04:41.422  INFO 4156 --- [http-nio-8080-exec-10] i.fd.housekeeping.HousekeepingService    : housekeeping save: Housekeeping[id=305,room=Room[id=42,roomName=305,roomType=RoomType[id=5,roomTypeName=DORMITORY_TRIPLE]],roomType=RoomType[id=5,roomTypeName=DORMITORY_TRIPLE],hotelId=1,reservationStatus=Check_out,roomStatus=Occupied,cleaningStatus=Dirty,remarks=[Window_open],sortId=305,memo=메모가 지워졌어요.,lastUpdate=2016-09-12 01:04:41.0], Crew[id=30,crewName=@giny,locale=en_US,activate=true]
2016-09-12 01:04:41.422  INFO 4156 --- [http-nio-8080-exec-10] i.f.h.HousekeepingHistoryService         : housekeepingHistory save: idstay.fd.housekeeping.HousekeepingHistory@bc82a59, {}
2016-09-12 01:04:41.466  INFO 4156 --- [http-nio-8080-exec-1] i.fd.housekeeping.HousekeepingService    : findByHotelId: 1
2016-09-12 01:04:41.598  INFO 4156 --- [http-nio-8080-exec-4] i.fd.housekeeping.HousekeepingService    : findByHotelId: 1
2016-09-12 01:04:45.604  INFO 4156 --- [http-nio-8080-exec-6] i.f.housekeeping.HousekeepingController  : editHousekeeping: 205, @giny
2016-09-12 01:04:45.672  INFO 4156 --- [http-nio-8080-exec-8] i.f.housekeeping.HousekeepingController  : editHousekeeping: 205, @giny
